<?xml version="1.0" encoding="UTF-8"?>
<testsuite name="TicTacToeTest" tests="1" skipped="0" failures="0" errors="0" timestamp="2022-03-18T16:07:35" hostname="wegmac.local" time="0.404">
  <properties/>
  <testcase name="start" classname="TicTacToeTest" time="0.404"/>
  <system-out><![CDATA[?[1;31m
Start test 1?[0m
Enter cells: > _XXOO_OX_
---------
|   X X |
| O O   |
| O X   |
---------
Enter the coordinates: > 1 1
---------
| X X X |
| O O   |
| O X   |
---------
?[1;31m
Start test 2?[0m
Enter cells: > _XXOO_OX_
---------
|   X X |
| O O   |
| O X   |
---------
Enter the coordinates: > 4 1
You should enter numbers!
Enter the coordinates: > 1 2
This cell is occupied! Choose another one!
Enter the coordinates: > 1 3
This cell is occupied! Choose another one!
Enter the coordinates: > 2 1
This cell is occupied! Choose another one!
Enter the coordinates: > 2 2
This cell is occupied! Choose another one!
Enter the coordinates: > 2 3
---------
|   X X |
| O O X |
| O X   |
---------
?[1;31m
Start test 3?[0m
Enter cells: > _XXOO_OX_
---------
|   X X |
| O O   |
| O X   |
---------
Enter the coordinates: > 1 3
This cell is occupied! Choose another one!
Enter the coordinates: > 2 1
This cell is occupied! Choose another one!
Enter the coordinates: > 2 2
This cell is occupied! Choose another one!
Enter the coordinates: > 2 3
---------
|   X X |
| O O X |
| O X   |
---------
?[1;31m
Start test 4?[0m
Enter cells: > _XXOO_OX_
---------
|   X X |
| O O   |
| O X   |
---------
Enter the coordinates: > 4 3
You should enter numbers!
Enter the coordinates: > 2 1
This cell is occupied! Choose another one!
Enter the coordinates: > 2 2
This cell is occupied! Choose another one!
Enter the coordinates: > 2 3
---------
|   X X |
| O O X |
| O X   |
---------
?[1;31m
Start test 5?[0m
Enter cells: > _XXOO_OX_
---------
|   X X |
| O O   |
| O X   |
---------
Enter the coordinates: > 2 2
This cell is occupied! Choose another one!
Enter the coordinates: > 2 3
---------
|   X X |
| O O X |
| O X   |
---------
?[1;31m
Start test 6?[0m
Enter cells: > _XXOO_OX_
---------
|   X X |
| O O   |
| O X   |
---------
Enter the coordinates: > 4 5
Coordinates should be from 1 to 3!
Enter the coordinates: > 2 3
---------
|   X X |
| O O X |
| O X   |
---------
?[1;31m
Start test 7?[0m
Enter cells: > _XXOO_OX_
---------
|   X X |
| O O   |
| O X   |
---------
Enter the coordinates: > 3 1
This cell is occupied! Choose another one!
Enter the coordinates: > 3 2
This cell is occupied! Choose another one!
Enter the coordinates: > 3 3
---------
|   X X |
| O O   |
| O X X |
---------
?[1;31m
Start test 8?[0m
Enter cells: > _XXOO_OX_
---------
|   X X |
| O O   |
| O X   |
---------
Enter the coordinates: > 4 7
Coordinates should be from 1 to 3!
Enter the coordinates: > 3 2
This cell is occupied! Choose another one!
Enter the coordinates: > 3 3
---------
|   X X |
| O O   |
| O X X |
---------
?[1;31m
Start test 9?[0m
Enter cells: > _XXOO_OX_
---------
|   X X |
| O O   |
| O X   |
---------
Enter the coordinates: > 3 3
---------
|   X X |
| O O   |
| O X X |
---------
?[1;31m
Start test 10?[0m
Enter cells: > _________
---------
|       |
|       |
|       |
---------
Enter the coordinates: > 4 9
Coordinates should be from 1 to 3!
Enter the coordinates: > 1 1
---------
| X     |
|       |
|       |
---------
?[1;31m
Start test 11?[0m
Enter cells: > _________
---------
|       |
|       |
|       |
---------
Enter the coordinates: > 1 2
---------
|   X   |
|       |
|       |
---------
?[1;31m
Start test 12?[0m
Enter cells: > _________
---------
|       |
|       |
|       |
---------
Enter the coordinates: > 4 11
Coordinates should be from 1 to 3!
Enter the coordinates: > 1 3
---------
|     X |
|       |
|       |
---------
?[1;31m
Start test 13?[0m
Enter cells: > _________
---------
|       |
|       |
|       |
---------
Enter the coordinates: > 2 1
---------
|       |
| X     |
|       |
---------
?[1;31m
Start test 14?[0m
Enter cells: > _________
---------
|       |
|       |
|       |
---------
Enter the coordinates: > 4 13
Coordinates should be from 1 to 3!
Enter the coordinates: > 2 2
---------
|       |
|   X   |
|       |
---------
?[1;31m
Start test 15?[0m
Enter cells: > _________
---------
|       |
|       |
|       |
---------
Enter the coordinates: > 2 3
---------
|       |
|     X |
|       |
---------
?[1;31m
Start test 16?[0m
Enter cells: > _________
---------
|       |
|       |
|       |
---------
Enter the coordinates: > 4 15
Coordinates should be from 1 to 3!
Enter the coordinates: > 3 1
---------
|       |
|       |
| X     |
---------
?[1;31m
Start test 17?[0m
Enter cells: > _________
---------
|       |
|       |
|       |
---------
Enter the coordinates: > 3 2
---------
|       |
|       |
|   X   |
---------
?[1;31m
Start test 18?[0m
Enter cells: > _________
---------
|       |
|       |
|       |
---------
Enter the coordinates: > 4 17
Coordinates should be from 1 to 3!
Enter the coordinates: > 3 3
---------
|       |
|       |
|     X |
---------
?[1;31m
Start test 19?[0m
Enter cells: > X_X_O____
---------
| X   X |
|   O   |
|       |
---------
Enter the coordinates: > 1 1
This cell is occupied! Choose another one!
Enter the coordinates: > 1 2
---------
| X X X |
|   O   |
|       |
---------
?[1;31m
Start test 20?[0m
Enter cells: > X_X_O____
---------
| X   X |
|   O   |
|       |
---------
Enter the coordinates: > 4 19
Coordinates should be from 1 to 3!
Enter the coordinates: > 1 2
---------
| X X X |
|   O   |
|       |
---------
?[1;31m
Start test 21?[0m
Enter cells: > X_X_O____
---------
| X   X |
|   O   |
|       |
---------
Enter the coordinates: > 1 3
This cell is occupied! Choose another one!
Enter the coordinates: > 2 1
---------
| X   X |
| X O   |
|       |
---------
?[1;31m
Start test 22?[0m
Enter cells: > X_X_O____
---------
| X   X |
|   O   |
|       |
---------
Enter the coordinates: > 4 21
Coordinates should be from 1 to 3!
Enter the coordinates: > 2 1
---------
| X   X |
| X O   |
|       |
---------
?[1;31m
Start test 23?[0m
Enter cells: > X_X_O____
---------
| X   X |
|   O   |
|       |
---------
Enter the coordinates: > 2 2
This cell is occupied! Choose another one!
Enter the coordinates: > 2 3
---------
| X   X |
|   O X |
|       |
---------
?[1;31m
Start test 24?[0m
Enter cells: > X_X_O____
---------
| X   X |
|   O   |
|       |
---------
Enter the coordinates: > 4 23
Coordinates should be from 1 to 3!
Enter the coordinates: > 2 3
---------
| X   X |
|   O X |
|       |
---------
?[1;31m
Start test 25?[0m
Enter cells: > X_X_O____
---------
| X   X |
|   O   |
|       |
---------
Enter the coordinates: > 3 1
---------
| X   X |
|   O   |
| X     |
---------
?[1;31m
Start test 26?[0m
Enter cells: > X_X_O____
---------
| X   X |
|   O   |
|       |
---------
Enter the coordinates: > 4 25
Coordinates should be from 1 to 3!
Enter the coordinates: > 3 2
---------
| X   X |
|   O   |
|   X   |
---------
?[1;31m
Start test 27?[0m
Enter cells: > X_X_O____
---------
| X   X |
|   O   |
|       |
---------
Enter the coordinates: > 3 3
---------
| X   X |
|   O   |
|     X |
---------
]]></system-out>
  <system-err><![CDATA[]]></system-err>
</testsuite>
